Using pre-set license
Built from '2020.3/release' branch; Version is '2020.3.15f2 (6cf78cb77498) revision 7141260'; Using compiler version '192528614'; Build Type 'Release'
OS: 'Windows 10 Pro; OS build 19042.1165; Version 2009; 64bit' Language: 'es' Physical Memory: 16335 MB
BatchMode: 1, IsHumanControllingUs: 0, StartBugReporterOnCrash: 0, Is64bit: 1, IsPro: 0

 COMMAND LINE ARGUMENTS:
D:\Program Files\Unity\Hub\Editor\2020.3.15f2\Editor\Unity.exe
-adb2
-batchMode
-noUpm
-name
AssetImportWorker0
-projectPath
D:/Proyectos de Unity/GitHub/PSJ-ShootingBalls
-logFile
Logs/AssetImportWorker0.log
-srvPort
60252
Successfully changed project path to: D:/Proyectos de Unity/GitHub/PSJ-ShootingBalls
D:/Proyectos de Unity/GitHub/PSJ-ShootingBalls
Using Asset Import Pipeline V2.
Refreshing native plugins compatible for Editor in 38.00 ms, found 2 plugins.
Preloading 0 native plugins for Editor in 0.00 ms.
Initialize engine version: 2020.3.15f2 (6cf78cb77498)
[Subsystems] Discovering subsystems at path D:/Program Files/Unity/Hub/Editor/2020.3.15f2/Editor/Data/Resources/UnitySubsystems
[Subsystems] Discovering subsystems at path D:/Proyectos de Unity/GitHub/PSJ-ShootingBalls/Assets
GfxDevice: creating device client; threaded=0
Direct3D:
    Version:  Direct3D 11.0 [level 11.1]
    Renderer: Radeon RX 590 Series (ID=0x67df)
    Vendor:   
    VRAM:     8171 MB
    Driver:   27.20.15003.1004
Initialize mono
Mono path[0] = 'D:/Program Files/Unity/Hub/Editor/2020.3.15f2/Editor/Data/Managed'
Mono path[1] = 'D:/Program Files/Unity/Hub/Editor/2020.3.15f2/Editor/Data/MonoBleedingEdge/lib/mono/unityjit'
Mono config path = 'D:/Program Files/Unity/Hub/Editor/2020.3.15f2/Editor/Data/MonoBleedingEdge/etc'
Using monoOptions --debugger-agent=transport=dt_socket,embedding=1,server=y,suspend=n,address=127.0.0.1:56184
Begin MonoManager ReloadAssembly
Registering precompiled unity dll's ...
Register platform support module: D:/Program Files/Unity/Hub/Editor/2020.3.15f2/Editor/Data/PlaybackEngines/WindowsStandaloneSupport/UnityEditor.WindowsStandalone.Extensions.dll
Registered in 0.001608 seconds.
Native extension for WindowsStandalone target not found
Refreshing native plugins compatible for Editor in 34.87 ms, found 2 plugins.
Preloading 0 native plugins for Editor in 0.00 ms.
Mono: successfully reloaded assembly
- Completed reload, in  1.139 seconds
Domain Reload Profiling:
	ReloadAssembly (1140ms)
		BeginReloadAssembly (65ms)
			ExecutionOrderSort (0ms)
			DisableScriptedObjects (0ms)
			BackupInstance (0ms)
			ReleaseScriptingObjects (0ms)
			CreateAndSetChildDomain (1ms)
		EndReloadAssembly (485ms)
			LoadAssemblies (64ms)
			RebuildTransferFunctionScriptingTraits (0ms)
			SetupTypeCache (187ms)
			ReleaseScriptCaches (0ms)
			RebuildScriptCaches (33ms)
			SetupLoadedEditorAssemblies (183ms)
				LogAssemblyErrors (0ms)
				InitializePlatformSupportModulesInManaged (4ms)
				SetLoadedEditorAssemblies (0ms)
				RefreshPlugins (35ms)
				BeforeProcessingInitializeOnLoad (17ms)
				ProcessInitializeOnLoadAttributes (94ms)
				ProcessInitializeOnLoadMethodAttributes (33ms)
				AfterProcessingInitializeOnLoad (0ms)
				EditorAssembliesLoaded (0ms)
			ExecutionOrderSort2 (0ms)
			AwakeInstancesAfterBackupRestoration (0ms)
Platform modules already initialized, skipping
Registering precompiled user dll's ...
Registered in 0.004126 seconds.
Begin MonoManager ReloadAssembly
Native extension for WindowsStandalone target not found
Refreshing native plugins compatible for Editor in 0.44 ms, found 2 plugins.
Preloading 0 native plugins for Editor in 0.00 ms.
Mono: successfully reloaded assembly
- Completed reload, in  1.279 seconds
Domain Reload Profiling:
	ReloadAssembly (1280ms)
		BeginReloadAssembly (176ms)
			ExecutionOrderSort (0ms)
			DisableScriptedObjects (6ms)
			BackupInstance (0ms)
			ReleaseScriptingObjects (0ms)
			CreateAndSetChildDomain (21ms)
		EndReloadAssembly (1033ms)
			LoadAssemblies (104ms)
			RebuildTransferFunctionScriptingTraits (0ms)
			SetupTypeCache (332ms)
			ReleaseScriptCaches (0ms)
			RebuildScriptCaches (47ms)
			SetupLoadedEditorAssemblies (444ms)
				LogAssemblyErrors (0ms)
				InitializePlatformSupportModulesInManaged (6ms)
				SetLoadedEditorAssemblies (1ms)
				RefreshPlugins (1ms)
				BeforeProcessingInitializeOnLoad (98ms)
				ProcessInitializeOnLoadAttributes (330ms)
				ProcessInitializeOnLoadMethodAttributes (5ms)
				AfterProcessingInitializeOnLoad (4ms)
				EditorAssembliesLoaded (0ms)
			ExecutionOrderSort2 (0ms)
			AwakeInstancesAfterBackupRestoration (8ms)
Platform modules already initialized, skipping
========================================================================
Worker process is ready to serve import requests
Launched and connected shader compiler UnityShaderCompiler.exe after 0.09 seconds
Refreshing native plugins compatible for Editor in 0.40 ms, found 2 plugins.
Preloading 0 native plugins for Editor in 0.00 ms.
Unloading 1427 Unused Serialized files (Serialized files now loaded: 0)
System memory in use before: 65.7 MB.
System memory in use after: 65.8 MB.

Unloading 18 unused Assets to reduce memory usage. Loaded Objects now: 1861.
Total: 2.413100 ms (FindLiveObjects: 0.172600 ms CreateObjectMapping: 0.037800 ms MarkObjects: 2.127500 ms  DeleteObjects: 0.073600 ms)

AssetImportParameters requested are different than current active one (requested -> active):
  custom:framework-win-MediaFoundation: 216162199b28c13a410421893ffa2e32 -> 
  custom:video-decoder-ogg-theora: a1e56fd34408186e4bbccfd4996cb3dc -> 
  custom:container-muxer-webm: aa71ff27fc2769a1b78a27578f13a17b -> 
  custom:container-demuxer-webm: 4f35f7cbe854078d1ac9338744f61a02 -> 
  custom:container-demuxer-ogg: 62fdf1f143b41e24485cea50d1cbac27 -> 
  custom:video-encoder-webm-vp8: eb34c28f22e8b96e1ab97ce403110664 -> 
  custom:video-decoder-webm-vp8: 9c59270c3fd7afecdb556c50c9e8de78 -> 
  custom:audio-decoder-ogg-vorbis: bf7c407c2cedff20999df2af8eb42d56 -> 
  custom:audio-encoder-webm-vorbis: bf7c407c2cedff20999df2af8eb42d56 -> 
========================================================================
Received Import Request.
  path: Assets/Scripts/Scriptabble
  artifactKey: Guid(3bda76c92f1f6ed4a822dddb1d7760fa) Importer(815301076,1909f56bfc062723c751e8b465ee728b)
Start importing Assets/Scripts/Scriptabble using Guid(3bda76c92f1f6ed4a822dddb1d7760fa) Importer(815301076,1909f56bfc062723c751e8b465ee728b)  -> (artifact id: '9eddf34419c384ef8e33606e5a476234') in 0.012378 seconds 
  Import took 0.015305 seconds .

========================================================================
Received Import Request.
  Time since last request: 0.000305 seconds.
  path: Assets/Scripts
  artifactKey: Guid(7888257da6d458c48ba77fa4364c4114) Importer(815301076,1909f56bfc062723c751e8b465ee728b)
Start importing Assets/Scripts using Guid(7888257da6d458c48ba77fa4364c4114) Importer(815301076,1909f56bfc062723c751e8b465ee728b)  -> (artifact id: '09c082b9474c426e9c774c13a7a2ae85') in 0.002173 seconds 
  Import took 0.004347 seconds .

========================================================================
Received Import Request.
  Time since last request: 0.342036 seconds.
  path: Assets/Scripts/PickUps
  artifactKey: Guid(30fc7471299aa2e4ebb5a83365161794) Importer(815301076,1909f56bfc062723c751e8b465ee728b)
Start importing Assets/Scripts/PickUps using Guid(30fc7471299aa2e4ebb5a83365161794) Importer(815301076,1909f56bfc062723c751e8b465ee728b)  -> (artifact id: 'd4db5210230e18986ee3645d15b8f1f2') in 0.002646 seconds 
  Import took 0.005281 seconds .

========================================================================
Received Import Request.
  Time since last request: 0.400361 seconds.
  path: Assets/Scripts/Interfaces
  artifactKey: Guid(4646ed44a97e4284c8fb8acaf11204b2) Importer(815301076,1909f56bfc062723c751e8b465ee728b)
Start importing Assets/Scripts/Interfaces using Guid(4646ed44a97e4284c8fb8acaf11204b2) Importer(815301076,1909f56bfc062723c751e8b465ee728b)  -> (artifact id: 'db922dae90ebcc3071bde8209a4cab1b') in 0.002257 seconds 
  Import took 0.027668 seconds .

========================================================================
Received Import Request.
  Time since last request: 0.324885 seconds.
  path: Assets/Scripts/Factory
  artifactKey: Guid(42d25d00eaacb5049ab950004f38d834) Importer(815301076,1909f56bfc062723c751e8b465ee728b)
Start importing Assets/Scripts/Factory using Guid(42d25d00eaacb5049ab950004f38d834) Importer(815301076,1909f56bfc062723c751e8b465ee728b)  -> (artifact id: 'd0ccef458d41fd27e11db360b5dffa29') in 0.002426 seconds 
  Import took 0.005059 seconds .

========================================================================
Received Import Request.
  Time since last request: 1.109825 seconds.
  path: Assets/Scripts/Factory/Spawners
  artifactKey: Guid(687ed7ad7f1035442922f83774ab2e37) Importer(815301076,1909f56bfc062723c751e8b465ee728b)
Start importing Assets/Scripts/Factory/Spawners using Guid(687ed7ad7f1035442922f83774ab2e37) Importer(815301076,1909f56bfc062723c751e8b465ee728b)  -> (artifact id: '1261e03eeb2c483f4ca5d9759e7be87d') in 0.002392 seconds 
  Import took 0.005143 seconds .

========================================================================
Received Import Request.
  Time since last request: 1.338281 seconds.
  path: Assets/Scripts/Factory/Spawners/Spawner.cs
  artifactKey: Guid(eaf122b2a37aa94459dacb55327a16d7) Importer(815301076,1909f56bfc062723c751e8b465ee728b)
Start importing Assets/Scripts/Factory/Spawners/Spawner.cs using Guid(eaf122b2a37aa94459dacb55327a16d7) Importer(815301076,1909f56bfc062723c751e8b465ee728b)  -> (artifact id: '38a4547a78d0befc5400c2c6e17e27a2') in 0.026842 seconds 
  Import took 0.029560 seconds .

========================================================================
Received Import Request.
  Time since last request: 26.417650 seconds.
  path: Assets/Scripts/Factory/IFactory.cs
  artifactKey: Guid(85060c64c803bff4f9c8dca7be10bf38) Importer(815301076,1909f56bfc062723c751e8b465ee728b)
Start importing Assets/Scripts/Factory/IFactory.cs using Guid(85060c64c803bff4f9c8dca7be10bf38) Importer(815301076,1909f56bfc062723c751e8b465ee728b)  -> (artifact id: '41ba5d3e262e97bd78f995d53384b881') in 0.003053 seconds 
  Import took 0.006694 seconds .

========================================================================
Received Import Request.
  Time since last request: 0.001049 seconds.
  path: Assets/Scripts/Factory/IFactory.cs
  artifactKey: Guid(85060c64c803bff4f9c8dca7be10bf38) Importer(815301076,1909f56bfc062723c751e8b465ee728b)
Start importing Assets/Scripts/Factory/IFactory.cs using Guid(85060c64c803bff4f9c8dca7be10bf38) Importer(815301076,1909f56bfc062723c751e8b465ee728b)  -> (artifact id: '41ba5d3e262e97bd78f995d53384b881') in 0.022257 seconds 
  Import took 0.025546 seconds .

========================================================================
Received Import Request.
  Time since last request: 57.795687 seconds.
  path: Assets/Scripts/Factory/Spawners/EnemySpawner.cs
  artifactKey: Guid(dc2b37e36e4ec3f42a53d5a347a4a2a4) Importer(815301076,1909f56bfc062723c751e8b465ee728b)
Start importing Assets/Scripts/Factory/Spawners/EnemySpawner.cs using Guid(dc2b37e36e4ec3f42a53d5a347a4a2a4) Importer(815301076,1909f56bfc062723c751e8b465ee728b)  -> (artifact id: '17c34b7deac20dc7d3a83fbb47619284') in 0.002536 seconds 
  Import took 0.005338 seconds .

========================================================================
Received Import Request.
  Time since last request: 0.082193 seconds.
  path: Assets/Scripts/Factory/Spawners/EnemySpawner.cs
  artifactKey: Guid(dc2b37e36e4ec3f42a53d5a347a4a2a4) Importer(815301076,1909f56bfc062723c751e8b465ee728b)
Start importing Assets/Scripts/Factory/Spawners/EnemySpawner.cs using Guid(dc2b37e36e4ec3f42a53d5a347a4a2a4) Importer(815301076,1909f56bfc062723c751e8b465ee728b)  -> (artifact id: '17c34b7deac20dc7d3a83fbb47619284') in 0.002148 seconds 
  Import took 0.004862 seconds .

========================================================================
Received Import Request.
  Time since last request: 2.552051 seconds.
  path: Assets/Scripts/Scriptabble/EnemyStats.cs
  artifactKey: Guid(a12ca695aa246fd4e9747e7489aba4d4) Importer(815301076,1909f56bfc062723c751e8b465ee728b)
Start importing Assets/Scripts/Scriptabble/EnemyStats.cs using Guid(a12ca695aa246fd4e9747e7489aba4d4) Importer(815301076,1909f56bfc062723c751e8b465ee728b)  -> (artifact id: 'f361028fdfeef64a07478e0ddd33a9d3') in 0.002599 seconds 
  Import took 0.005268 seconds .

========================================================================
Received Import Request.
  Time since last request: 0.000670 seconds.
  path: Assets/Scripts/Scriptabble/EnemyStats.cs
  artifactKey: Guid(a12ca695aa246fd4e9747e7489aba4d4) Importer(815301076,1909f56bfc062723c751e8b465ee728b)
Start importing Assets/Scripts/Scriptabble/EnemyStats.cs using Guid(a12ca695aa246fd4e9747e7489aba4d4) Importer(815301076,1909f56bfc062723c751e8b465ee728b)  -> (artifact id: 'f361028fdfeef64a07478e0ddd33a9d3') in 0.001927 seconds 
  Import took 0.004469 seconds .

========================================================================
Received Import Request.
  Time since last request: 0.654290 seconds.
  path: Assets/Scripts/Scriptabble/EnemySpawnerStats.cs
  artifactKey: Guid(d07f4d40f935df840869c2ab2f7723c8) Importer(815301076,1909f56bfc062723c751e8b465ee728b)
Start importing Assets/Scripts/Scriptabble/EnemySpawnerStats.cs using Guid(d07f4d40f935df840869c2ab2f7723c8) Importer(815301076,1909f56bfc062723c751e8b465ee728b)  -> (artifact id: '80b05eb60e8bcb2b656aafe076482557') in 0.002240 seconds 
  Import took 0.004948 seconds .

========================================================================
Received Import Request.
  Time since last request: 0.000576 seconds.
  path: Assets/Scripts/Scriptabble/EnemySpawnerStats.cs
  artifactKey: Guid(d07f4d40f935df840869c2ab2f7723c8) Importer(815301076,1909f56bfc062723c751e8b465ee728b)
Start importing Assets/Scripts/Scriptabble/EnemySpawnerStats.cs using Guid(d07f4d40f935df840869c2ab2f7723c8) Importer(815301076,1909f56bfc062723c751e8b465ee728b)  -> (artifact id: '80b05eb60e8bcb2b656aafe076482557') in 0.002198 seconds 
  Import took 0.004563 seconds .

========================================================================
Received Import Request.
  Time since last request: 9.401039 seconds.
  path: Assets/Scripts/Scriptabble/SpawnerStats.cs
  artifactKey: Guid(d07f4d40f935df840869c2ab2f7723c8) Importer(815301076,1909f56bfc062723c751e8b465ee728b)
Start importing Assets/Scripts/Scriptabble/SpawnerStats.cs using Guid(d07f4d40f935df840869c2ab2f7723c8) Importer(815301076,1909f56bfc062723c751e8b465ee728b)  -> (artifact id: 'b9ddfac4459b29be9f13bc416c47d8fe') in 0.002759 seconds 
  Import took 0.005527 seconds .

========================================================================
Received Prepare
Registering precompiled user dll's ...
Registered in 0.003937 seconds.
Begin MonoManager ReloadAssembly
Native extension for WindowsStandalone target not found
Refreshing native plugins compatible for Editor in 0.40 ms, found 2 plugins.
Preloading 0 native plugins for Editor in 0.00 ms.
Mono: successfully reloaded assembly
- Completed reload, in  1.198 seconds
Domain Reload Profiling:
	ReloadAssembly (1198ms)
		BeginReloadAssembly (124ms)
			ExecutionOrderSort (0ms)
			DisableScriptedObjects (5ms)
			BackupInstance (0ms)
			ReleaseScriptingObjects (0ms)
			CreateAndSetChildDomain (39ms)
		EndReloadAssembly (1000ms)
			LoadAssemblies (103ms)
			RebuildTransferFunctionScriptingTraits (0ms)
			SetupTypeCache (332ms)
			ReleaseScriptCaches (1ms)
			RebuildScriptCaches (41ms)
			SetupLoadedEditorAssemblies (415ms)
				LogAssemblyErrors (0ms)
				InitializePlatformSupportModulesInManaged (6ms)
				SetLoadedEditorAssemblies (1ms)
				RefreshPlugins (0ms)
				BeforeProcessingInitializeOnLoad (88ms)
				ProcessInitializeOnLoadAttributes (310ms)
				ProcessInitializeOnLoadMethodAttributes (6ms)
				AfterProcessingInitializeOnLoad (5ms)
				EditorAssembliesLoaded (0ms)
			ExecutionOrderSort2 (0ms)
			AwakeInstancesAfterBackupRestoration (8ms)
Platform modules already initialized, skipping
Refreshing native plugins compatible for Editor in 0.41 ms, found 2 plugins.
Preloading 0 native plugins for Editor in 0.00 ms.
Unloading 1421 Unused Serialized files (Serialized files now loaded: 0)
System memory in use before: 65.5 MB.
System memory in use after: 65.6 MB.

Unloading 13 unused Assets to reduce memory usage. Loaded Objects now: 1864.
Total: 2.692600 ms (FindLiveObjects: 0.223000 ms CreateObjectMapping: 0.039800 ms MarkObjects: 2.394900 ms  DeleteObjects: 0.031900 ms)

AssetImportParameters requested are different than current active one (requested -> active):
  custom:framework-win-MediaFoundation: 216162199b28c13a410421893ffa2e32 -> 
  custom:video-decoder-ogg-theora: a1e56fd34408186e4bbccfd4996cb3dc -> 
  custom:container-muxer-webm: aa71ff27fc2769a1b78a27578f13a17b -> 
  custom:container-demuxer-webm: 4f35f7cbe854078d1ac9338744f61a02 -> 
  custom:container-demuxer-ogg: 62fdf1f143b41e24485cea50d1cbac27 -> 
  custom:video-encoder-webm-vp8: eb34c28f22e8b96e1ab97ce403110664 -> 
  custom:video-decoder-webm-vp8: 9c59270c3fd7afecdb556c50c9e8de78 -> 
  custom:audio-decoder-ogg-vorbis: bf7c407c2cedff20999df2af8eb42d56 -> 
  custom:audio-encoder-webm-vorbis: bf7c407c2cedff20999df2af8eb42d56 -> 
========================================================================
Received Prepare
Registering precompiled user dll's ...
Registered in 0.004535 seconds.
Begin MonoManager ReloadAssembly
Native extension for WindowsStandalone target not found
Refreshing native plugins compatible for Editor in 0.40 ms, found 2 plugins.
Preloading 0 native plugins for Editor in 0.00 ms.
Mono: successfully reloaded assembly
- Completed reload, in  1.182 seconds
Domain Reload Profiling:
	ReloadAssembly (1182ms)
		BeginReloadAssembly (118ms)
			ExecutionOrderSort (0ms)
			DisableScriptedObjects (6ms)
			BackupInstance (0ms)
			ReleaseScriptingObjects (0ms)
			CreateAndSetChildDomain (34ms)
		EndReloadAssembly (992ms)
			LoadAssemblies (103ms)
			RebuildTransferFunctionScriptingTraits (0ms)
			SetupTypeCache (326ms)
			ReleaseScriptCaches (1ms)
			RebuildScriptCaches (41ms)
			SetupLoadedEditorAssemblies (414ms)
				LogAssemblyErrors (0ms)
				InitializePlatformSupportModulesInManaged (6ms)
				SetLoadedEditorAssemblies (1ms)
				RefreshPlugins (0ms)
				BeforeProcessingInitializeOnLoad (88ms)
				ProcessInitializeOnLoadAttributes (312ms)
				ProcessInitializeOnLoadMethodAttributes (5ms)
				AfterProcessingInitializeOnLoad (3ms)
				EditorAssembliesLoaded (0ms)
			ExecutionOrderSort2 (0ms)
			AwakeInstancesAfterBackupRestoration (8ms)
Platform modules already initialized, skipping
Refreshing native plugins compatible for Editor in 0.40 ms, found 2 plugins.
Preloading 0 native plugins for Editor in 0.00 ms.
Unloading 1421 Unused Serialized files (Serialized files now loaded: 0)
System memory in use before: 65.6 MB.
System memory in use after: 65.7 MB.

Unloading 13 unused Assets to reduce memory usage. Loaded Objects now: 1867.
Total: 2.839400 ms (FindLiveObjects: 0.179900 ms CreateObjectMapping: 0.038600 ms MarkObjects: 2.589000 ms  DeleteObjects: 0.029800 ms)

AssetImportParameters requested are different than current active one (requested -> active):
  custom:framework-win-MediaFoundation: 216162199b28c13a410421893ffa2e32 -> 
  custom:video-decoder-ogg-theora: a1e56fd34408186e4bbccfd4996cb3dc -> 
  custom:container-muxer-webm: aa71ff27fc2769a1b78a27578f13a17b -> 
  custom:container-demuxer-webm: 4f35f7cbe854078d1ac9338744f61a02 -> 
  custom:container-demuxer-ogg: 62fdf1f143b41e24485cea50d1cbac27 -> 
  custom:video-encoder-webm-vp8: eb34c28f22e8b96e1ab97ce403110664 -> 
  custom:video-decoder-webm-vp8: 9c59270c3fd7afecdb556c50c9e8de78 -> 
  custom:audio-decoder-ogg-vorbis: bf7c407c2cedff20999df2af8eb42d56 -> 
  custom:audio-encoder-webm-vorbis: bf7c407c2cedff20999df2af8eb42d56 -> 
========================================================================
Received Import Request.
  Time since last request: 158.097228 seconds.
  path: Assets/Scripts/Scriptabble/SpawnerStats.cs
  artifactKey: Guid(d07f4d40f935df840869c2ab2f7723c8) Importer(815301076,1909f56bfc062723c751e8b465ee728b)
Start importing Assets/Scripts/Scriptabble/SpawnerStats.cs using Guid(d07f4d40f935df840869c2ab2f7723c8) Importer(815301076,1909f56bfc062723c751e8b465ee728b)  -> (artifact id: '4408ef9beb8cfb9983290ef93f84a16c') in 0.004758 seconds 
  Import took 0.007327 seconds .

AssetImportWorkerClient::OnTransportError - code=2 error=End of file
